Failed:
GET /d/ffytjwbf6gosj4l4gjyflffu3zbnqsefez5hkbk5x5y26acdbovkz4zue6o6s5evpio3676u/nRaNhSyIU8ep5c2n HTTP/2
Host: 6143.usercdn.com
Upgrade-Insecure-Requests: 1
User-Agent: Mozilla/5.0 (Windows NT 10.0; Win64; x64) AppleWebKit/537.36 (KHTML, like Gecko) Chrome/112.0.0.0 Safari/537.36
Accept: text/html,application/xhtml+xml,application/xml;q=0.9,image/avif,image/webp,image/apng,*/*;q=0.8,application/signed-exchange;v=b3;q=0.7
Referer: https://send.cm/
Accept-Encoding: gzip, deflate
Accept-Language: en-US,en;q=0.9,zh-TW;q=0.8,zh;q=0.7

success:
GET /d/ffytjwbf6gosj4l4gjyflffu3zbnqsefez5hkbk5x5y26acdbpnrpybvpaljohgsjtjzbuxh/nRaNhSyIU8ep5c2n HTTP/1.1
Host: 6143.usercdn.com
Cache-Control: max-age=0
Upgrade-Insecure-Requests: 1
User-Agent: Mozilla/5.0 (Windows NT 10.0; Win64; x64) AppleWebKit/537.36 (KHTML, like Gecko) Chrome/112.0.0.0 Safari/537.36
Accept: text/html,application/xhtml+xml,application/xml;q=0.9,image/avif,image/webp,image/apng,*/*;q=0.8,application/signed-exchange;v=b3;q=0.7
Sec-Fetch-Site: cross-site
Sec-Fetch-Mode: navigate
Sec-Fetch-User: ?1
Sec-Fetch-Dest: document
Sec-Ch-Ua: "Chromium";v="112", "Google Chrome";v="112", "Not:A-Brand";v="99"
Sec-Ch-Ua-Mobile: ?0
Sec-Ch-Ua-Platform: "Windows"
Referer: https://send.cm/
Accept-Encoding: gzip, deflate
Accept-Language: en-US,en;q=0.9,zh-TW;q=0.8,zh;q=0.7
Connection: close


